<?xml version="1.0" encoding="UTF-8"?>
<testsuite name="Testes" tests="5" skipped="0" failures="0" errors="0" timestamp="2022-12-26T23:23:53" hostname="DESKTOP-F6TQOE0" time="0.125">
  <properties/>
  <testcase name="Player makes vertical winning play on his turn()" classname="Testes" time="0.105"/>
  <testcase name="Putting a cross in position 1 on the player turn()" classname="Testes" time="0.001"/>
  <testcase name="Player tries toalr insert on a position that's eady filled, on his turn()" classname="Testes" time="0.007"/>
  <testcase name="Player makes diagonal winning play on his turn()" classname="Testes" time="0.001"/>
  <testcase name="Player makes horizontal winning play on his turn()" classname="Testes" time="0.009"/>
  <system-out><![CDATA[Invalid position pick another

-------------------------
|   X   |   O   |   O   |
-------------------------
|   X   |   X   |   6   |
-------------------------
|   7   |   8   |   9   |
-------------------------

-------------------------
|   X   |   O   |   O   |
-------------------------
|   X   |   X   |   6   |
-------------------------
|   7   |   8   |   9   |
-------------------------

-------------------------
|   X   |   O   |   O   |
-------------------------
|   X   |   X   |   6   |
-------------------------
|   7   |   8   |   9   |
-------------------------

-------------------------
|   X   |   O   |   O   |
-------------------------
|   O   |   X   |   6   |
-------------------------
|   7   |   8   |   9   |
-------------------------

-------------------------
|   X   |   O   |   O   |
-------------------------
|   O   |   X   |   6   |
-------------------------
|   7   |   8   |   9   |
-------------------------

-------------------------
|   X   |   O   |   O   |
-------------------------
|   O   |   X   |   6   |
-------------------------
|   7   |   8   |   9   |
-------------------------

-------------------------
|   X   |   O   |   O   |
-------------------------
|   O   |   X   |   6   |
-------------------------
|   X   |   8   |   9   |
-------------------------

-------------------------
|   X   |   O   |   O   |
-------------------------
|   O   |   X   |   6   |
-------------------------
|   X   |   X   |   9   |
-------------------------

-------------------------
|   X   |   O   |   O   |
-------------------------
|   O   |   X   |   6   |
-------------------------
|   X   |   X   |   9   |
-------------------------
]]></system-out>
  <system-err><![CDATA[]]></system-err>
</testsuite>
